Release 13.4 - xst O.87xd (lin64)
Copyright (c) 1995-2011 Xilinx, Inc.  All rights reserved.
--> 
Parameter TMPDIR set to xst/projnav.tmp


Total REAL time to Xst completion: 0.00 secs
Total CPU time to Xst completion: 0.03 secs
 
--> 
Parameter xsthdpdir set to xst


Total REAL time to Xst completion: 0.00 secs
Total CPU time to Xst completion: 0.03 secs
 
--> 
Reading design: CacheController.prj

TABLE OF CONTENTS
  1) Synthesis Options Summary
  2) HDL Compilation
  3) Design Hierarchy Analysis
  4) HDL Analysis
  5) HDL Synthesis
     5.1) HDL Synthesis Report
  6) Advanced HDL Synthesis
     6.1) Advanced HDL Synthesis Report
  7) Low Level Synthesis
  8) Partition Report
  9) Final Report
	9.1) Device utilization summary
	9.2) Partition Resource Summary
	9.3) TIMING REPORT


=========================================================================
*                      Synthesis Options Summary                        *
=========================================================================
---- Source Parameters
Input File Name                    : "CacheController.prj"
Input Format                       : mixed
Ignore Synthesis Constraint File   : NO

---- Target Parameters
Output File Name                   : "CacheController"
Output Format                      : NGC
Target Device                      : xc3s500e-5-fg320

---- Source Options
Top Module Name                    : CacheController
Automatic FSM Extraction           : YES
FSM Encoding Algorithm             : Auto
Safe Implementation                : No
FSM Style                          : LUT
RAM Extraction                     : Yes
RAM Style                          : Auto
ROM Extraction                     : Yes
Mux Style                          : Auto
Decoder Extraction                 : YES
Priority Encoder Extraction        : Yes
Shift Register Extraction          : YES
Logical Shifter Extraction         : YES
XOR Collapsing                     : YES
ROM Style                          : Auto
Mux Extraction                     : Yes
Resource Sharing                   : YES
Asynchronous To Synchronous        : NO
Multiplier Style                   : Auto
Automatic Register Balancing       : No

---- Target Options
Add IO Buffers                     : YES
Global Maximum Fanout              : 100000
Add Generic Clock Buffer(BUFG)     : 24
Register Duplication               : YES
Slice Packing                      : YES
Optimize Instantiated Primitives   : NO
Use Clock Enable                   : Yes
Use Synchronous Set                : Yes
Use Synchronous Reset              : Yes
Pack IO Registers into IOBs        : Auto
Equivalent register Removal        : YES

---- General Options
Optimization Goal                  : Speed
Optimization Effort                : 1
Keep Hierarchy                     : No
Netlist Hierarchy                  : As_Optimized
RTL Output                         : Yes
Global Optimization                : AllClockNets
Read Cores                         : YES
Write Timing Constraints           : NO
Cross Clock Analysis               : NO
Hierarchy Separator                : /
Bus Delimiter                      : <>
Case Specifier                     : Maintain
Slice Utilization Ratio            : 100
BRAM Utilization Ratio             : 100
Verilog 2001                       : YES
Auto BRAM Packing                  : NO
Slice Utilization Ratio Delta      : 5

---- Other Options
Cores Search Directories           : {"ipcore_dir"  }

=========================================================================


=========================================================================
*                          HDL Compilation                              *
=========================================================================
Compiling vhdl file "/home/student2/vscraba/758Project1/project1/cpu_gen.vhd" in Library work.
Architecture behavioral of Entity cpu_gen is up to date.
Compiling vhdl file "/home/student2/vscraba/758Project1/project1/SDRAMController.vhd" in Library work.
Architecture behavioral of Entity sdramcontroller is up to date.
Compiling vhdl file "/home/student2/vscraba/758Project1/project1/ipcore_dir/bram.vhd" in Library work.
Architecture bram_a of Entity bram is up to date.
Compiling vhdl file "/home/student2/vscraba/758Project1/project1/ipcore_dir/icon.vhd" in Library work.
Architecture icon_a of Entity icon is up to date.
Compiling vhdl file "/home/student2/vscraba/758Project1/project1/ipcore_dir/ila.vhd" in Library work.
Architecture ila_a of Entity ila is up to date.
Compiling vhdl file "/home/student2/vscraba/758Project1/project1/CacheController.vhd" in Library work.
Entity <cachecontroller> compiled.
Entity <cachecontroller> (Architecture <behavioral>) compiled.

=========================================================================
*                     Design Hierarchy Analysis                         *
=========================================================================
Analyzing hierarchy for entity <CacheController> in library <work> (architecture <behavioral>).

Analyzing hierarchy for entity <CPU_gen> in library <work> (architecture <behavioral>).

Analyzing hierarchy for entity <SDRAMController> in library <work> (architecture <behavioral>).


=========================================================================
*                            HDL Analysis                               *
=========================================================================
Analyzing Entity <CacheController> in library <work> (Architecture <behavioral>).
WARNING:Xst:2211 - "/home/student2/vscraba/758Project1/project1/CacheController.vhd" line 179: Instantiating black box module <BRAM>.
WARNING:Xst:2211 - "/home/student2/vscraba/758Project1/project1/CacheController.vhd" line 187: Instantiating black box module <icon>.
WARNING:Xst:2211 - "/home/student2/vscraba/758Project1/project1/CacheController.vhd" line 191: Instantiating black box module <ila>.
Entity <CacheController> analyzed. Unit <CacheController> generated.

Analyzing Entity <CPU_gen> in library <work> (Architecture <behavioral>).
Entity <CPU_gen> analyzed. Unit <CPU_gen> generated.

Analyzing Entity <SDRAMController> in library <work> (Architecture <behavioral>).
Entity <SDRAMController> analyzed. Unit <SDRAMController> generated.


=========================================================================
*                           HDL Synthesis                               *
=========================================================================

Performing bidirectional port resolution...

Synthesizing Unit <CPU_gen>.
    Related source file is "/home/student2/vscraba/758Project1/project1/cpu_gen.vhd".
    Found finite state machine <FSM_0> for signal <st1>.
    -----------------------------------------------------------------------
    | States             | 6                                              |
    | Transitions        | 7                                              |
    | Inputs             | 1                                              |
    | Outputs            | 6                                              |
    | Clock              | clk                       (rising_edge)        |
    | Reset              | rst                       (positive)           |
    | Reset type         | asynchronous                                   |
    | Reset State        | 000                                            |
    | Power Up State     | 000                                            |
    | Encoding           | automatic                                      |
    | Implementation     | LUT                                            |
    -----------------------------------------------------------------------
    Found 8x25-bit ROM for signal <patOut>.
WARNING:Xst:737 - Found 1-bit latch for signal <updPat>. Latches may be generated from incomplete case or if statements. We do not recommend the use of latches in FPGA/CPLD designs, as they may lead to timing problems.
INFO:Xst:2371 - HDL ADVISOR - Logic functions respectively driving the data and gate enable inputs of this latch share common terms. This situation will potentially lead to setup/hold violations and, as a result, to simulation problems. This situation may come from an incomplete case statement (all selector values are not covered). You should carefully review if it was in your intentions to describe such a latch.
WARNING:Xst:737 - Found 1-bit latch for signal <cs>. Latches may be generated from incomplete case or if statements. We do not recommend the use of latches in FPGA/CPLD designs, as they may lead to timing problems.
INFO:Xst:2371 - HDL ADVISOR - Logic functions respectively driving the data and gate enable inputs of this latch share common terms. This situation will potentially lead to setup/hold violations and, as a result, to simulation problems. This situation may come from an incomplete case statement (all selector values are not covered). You should carefully review if it was in your intentions to describe such a latch.
    Found 3-bit up counter for signal <patCtrl>.
    Found 1-bit register for signal <rReg1>.
    Found 1-bit register for signal <rReg2>.
    Summary:
	inferred   1 Finite State Machine(s).
	inferred   1 ROM(s).
	inferred   1 Counter(s).
	inferred   2 D-type flip-flop(s).
Unit <CPU_gen> synthesized.


Synthesizing Unit <SDRAMController>.
    Related source file is "/home/student2/vscraba/758Project1/project1/SDRAMController.vhd".
WARNING:Xst:647 - Input <ADDR<11:5>> is never used. This port will be preserved and left unconnected if it belongs to a top-level block or it belongs to a sub-block and the hierarchy of this sub-block is preserved.
    Using one-hot encoding for signal <init>.
    Found 8-bit register for signal <Dout>.
    Found 8-bit 32-to-1 multiplexer for signal <Dout$mux0000> created at line 75.
    Found 8-bit 16-to-1 multiplexer for signal <Dout$mux0001> created at line 75.
    Found 8-bit 16-to-1 multiplexer for signal <Dout$mux0002> created at line 75.
    Found 8-bit 16-to-1 multiplexer for signal <Dout$mux0003> created at line 75.
    Found 8-bit 16-to-1 multiplexer for signal <Dout$mux0004> created at line 75.
    Found 8-bit 16-to-1 multiplexer for signal <Dout$mux0005> created at line 75.
    Found 8-bit 16-to-1 multiplexer for signal <Dout$mux0006> created at line 75.
    Found 8-bit 16-to-1 multiplexer for signal <Dout$mux0007> created at line 75.
    Found 8-bit 16-to-1 multiplexer for signal <Dout$mux0008> created at line 75.
    Found 8-bit 16-to-1 multiplexer for signal <Dout$mux0009> created at line 75.
    Found 8-bit 16-to-1 multiplexer for signal <Dout$mux0010> created at line 75.
    Found 8-bit 16-to-1 multiplexer for signal <Dout$mux0011> created at line 75.
    Found 8-bit 16-to-1 multiplexer for signal <Dout$mux0012> created at line 75.
    Found 8-bit 16-to-1 multiplexer for signal <Dout$mux0013> created at line 75.
    Found 8-bit 16-to-1 multiplexer for signal <Dout$mux0014> created at line 75.
    Found 8-bit 16-to-1 multiplexer for signal <Dout$mux0015> created at line 75.
    Found 8-bit 16-to-1 multiplexer for signal <Dout$mux0016> created at line 75.
    Found 8-bit 16-to-1 multiplexer for signal <Dout$mux0017> created at line 75.
    Found 8-bit 16-to-1 multiplexer for signal <Dout$mux0018> created at line 75.
    Found 8-bit 16-to-1 multiplexer for signal <Dout$mux0019> created at line 75.
    Found 8-bit 16-to-1 multiplexer for signal <Dout$mux0020> created at line 75.
    Found 8-bit 16-to-1 multiplexer for signal <Dout$mux0021> created at line 75.
    Found 8-bit 16-to-1 multiplexer for signal <Dout$mux0022> created at line 75.
    Found 8-bit 16-to-1 multiplexer for signal <Dout$mux0023> created at line 75.
    Found 8-bit 16-to-1 multiplexer for signal <Dout$mux0024> created at line 75.
    Found 8-bit 16-to-1 multiplexer for signal <Dout$mux0025> created at line 75.
    Found 8-bit 16-to-1 multiplexer for signal <Dout$mux0026> created at line 75.
    Found 8-bit 16-to-1 multiplexer for signal <Dout$mux0027> created at line 75.
    Found 8-bit 16-to-1 multiplexer for signal <Dout$mux0028> created at line 75.
    Found 8-bit 16-to-1 multiplexer for signal <Dout$mux0029> created at line 75.
    Found 8-bit 16-to-1 multiplexer for signal <Dout$mux0030> created at line 75.
    Found 8-bit 16-to-1 multiplexer for signal <Dout$mux0031> created at line 75.
    Found 8-bit 16-to-1 multiplexer for signal <Dout$mux0032> created at line 75.
    Found 2-bit register for signal <init>.
    Found 256-bit register for signal <SDRAM_SIGNAL<0>>.
    Found 256-bit register for signal <SDRAM_SIGNAL<10>>.
    Found 256-bit register for signal <SDRAM_SIGNAL<11>>.
    Found 256-bit register for signal <SDRAM_SIGNAL<12>>.
    Found 256-bit register for signal <SDRAM_SIGNAL<13>>.
    Found 256-bit register for signal <SDRAM_SIGNAL<14>>.
    Found 256-bit register for signal <SDRAM_SIGNAL<15>>.
    Found 256-bit register for signal <SDRAM_SIGNAL<1>>.
    Found 256-bit register for signal <SDRAM_SIGNAL<2>>.
    Found 256-bit register for signal <SDRAM_SIGNAL<3>>.
    Found 256-bit register for signal <SDRAM_SIGNAL<4>>.
    Found 256-bit register for signal <SDRAM_SIGNAL<5>>.
    Found 256-bit register for signal <SDRAM_SIGNAL<6>>.
    Found 256-bit register for signal <SDRAM_SIGNAL<7>>.
    Found 256-bit register for signal <SDRAM_SIGNAL<8>>.
    Found 256-bit register for signal <SDRAM_SIGNAL<9>>.
INFO:Xst:738 - HDL ADVISOR - 256 flip-flops were inferred for signal <SDRAM_SIGNAL<10>>. You may be trying to describe a RAM in a way that is incompatible with block and distributed RAM resources available on Xilinx devices, or with a specific template that is not supported. Please review the Xilinx resources documentation and the XST user manual for coding guidelines. Taking advantage of RAM resources will lead to improved device usage and reduced synthesis time.
INFO:Xst:738 - HDL ADVISOR - 256 flip-flops were inferred for signal <SDRAM_SIGNAL<11>>. You may be trying to describe a RAM in a way that is incompatible with block and distributed RAM resources available on Xilinx devices, or with a specific template that is not supported. Please review the Xilinx resources documentation and the XST user manual for coding guidelines. Taking advantage of RAM resources will lead to improved device usage and reduced synthesis time.
INFO:Xst:738 - HDL ADVISOR - 256 flip-flops were inferred for signal <SDRAM_SIGNAL<12>>. You may be trying to describe a RAM in a way that is incompatible with block and distributed RAM resources available on Xilinx devices, or with a specific template that is not supported. Please review the Xilinx resources documentation and the XST user manual for coding guidelines. Taking advantage of RAM resources will lead to improved device usage and reduced synthesis time.
INFO:Xst:738 - HDL ADVISOR - 256 flip-flops were inferred for signal <SDRAM_SIGNAL<13>>. You may be trying to describe a RAM in a way that is incompatible with block and distributed RAM resources available on Xilinx devices, or with a specific template that is not supported. Please review the Xilinx resources documentation and the XST user manual for coding guidelines. Taking advantage of RAM resources will lead to improved device usage and reduced synthesis time.
INFO:Xst:738 - HDL ADVISOR - 256 flip-flops were inferred for signal <SDRAM_SIGNAL<14>>. You may be trying to describe a RAM in a way that is incompatible with block and distributed RAM resources available on Xilinx devices, or with a specific template that is not supported. Please review the Xilinx resources documentation and the XST user manual for coding guidelines. Taking advantage of RAM resources will lead to improved device usage and reduced synthesis time.
INFO:Xst:738 - HDL ADVISOR - 256 flip-flops were inferred for signal <SDRAM_SIGNAL<15>>. You may be trying to describe a RAM in a way that is incompatible with block and distributed RAM resources available on Xilinx devices, or with a specific template that is not supported. Please review the Xilinx resources documentation and the XST user manual for coding guidelines. Taking advantage of RAM resources will lead to improved device usage and reduced synthesis time.
INFO:Xst:738 - HDL ADVISOR - 256 flip-flops were inferred for signal <SDRAM_SIGNAL<0>>. You may be trying to describe a RAM in a way that is incompatible with block and distributed RAM resources available on Xilinx devices, or with a specific template that is not supported. Please review the Xilinx resources documentation and the XST user manual for coding guidelines. Taking advantage of RAM resources will lead to improved device usage and reduced synthesis time.
INFO:Xst:738 - HDL ADVISOR - 256 flip-flops were inferred for signal <SDRAM_SIGNAL<1>>. You may be trying to describe a RAM in a way that is incompatible with block and distributed RAM resources available on Xilinx devices, or with a specific template that is not supported. Please review the Xilinx resources documentation and the XST user manual for coding guidelines. Taking advantage of RAM resources will lead to improved device usage and reduced synthesis time.
INFO:Xst:738 - HDL ADVISOR - 256 flip-flops were inferred for signal <SDRAM_SIGNAL<2>>. You may be trying to describe a RAM in a way that is incompatible with block and distributed RAM resources available on Xilinx devices, or with a specific template that is not supported. Please review the Xilinx resources documentation and the XST user manual for coding guidelines. Taking advantage of RAM resources will lead to improved device usage and reduced synthesis time.
INFO:Xst:738 - HDL ADVISOR - 256 flip-flops were inferred for signal <SDRAM_SIGNAL<3>>. You may be trying to describe a RAM in a way that is incompatible with block and distributed RAM resources available on Xilinx devices, or with a specific template that is not supported. Please review the Xilinx resources documentation and the XST user manual for coding guidelines. Taking advantage of RAM resources will lead to improved device usage and reduced synthesis time.
INFO:Xst:738 - HDL ADVISOR - 256 flip-flops were inferred for signal <SDRAM_SIGNAL<4>>. You may be trying to describe a RAM in a way that is incompatible with block and distributed RAM resources available on Xilinx devices, or with a specific template that is not supported. Please review the Xilinx resources documentation and the XST user manual for coding guidelines. Taking advantage of RAM resources will lead to improved device usage and reduced synthesis time.
INFO:Xst:738 - HDL ADVISOR - 256 flip-flops were inferred for signal <SDRAM_SIGNAL<5>>. You may be trying to describe a RAM in a way that is incompatible with block and distributed RAM resources available on Xilinx devices, or with a specific template that is not supported. Please review the Xilinx resources documentation and the XST user manual for coding guidelines. Taking advantage of RAM resources will lead to improved device usage and reduced synthesis time.
INFO:Xst:738 - HDL ADVISOR - 256 flip-flops were inferred for signal <SDRAM_SIGNAL<6>>. You may be trying to describe a RAM in a way that is incompatible with block and distributed RAM resources available on Xilinx devices, or with a specific template that is not supported. Please review the Xilinx resources documentation and the XST user manual for coding guidelines. Taking advantage of RAM resources will lead to improved device usage and reduced synthesis time.
INFO:Xst:738 - HDL ADVISOR - 256 flip-flops were inferred for signal <SDRAM_SIGNAL<7>>. You may be trying to describe a RAM in a way that is incompatible with block and distributed RAM resources available on Xilinx devices, or with a specific template that is not supported. Please review the Xilinx resources documentation and the XST user manual for coding guidelines. Taking advantage of RAM resources will lead to improved device usage and reduced synthesis time.
INFO:Xst:738 - HDL ADVISOR - 256 flip-flops were inferred for signal <SDRAM_SIGNAL<8>>. You may be trying to describe a RAM in a way that is incompatible with block and distributed RAM resources available on Xilinx devices, or with a specific template that is not supported. Please review the Xilinx resources documentation and the XST user manual for coding guidelines. Taking advantage of RAM resources will lead to improved device usage and reduced synthesis time.
INFO:Xst:738 - HDL ADVISOR - 256 flip-flops were inferred for signal <SDRAM_SIGNAL<9>>. You may be trying to describe a RAM in a way that is incompatible with block and distributed RAM resources available on Xilinx devices, or with a specific template that is not supported. Please review the Xilinx resources documentation and the XST user manual for coding guidelines. Taking advantage of RAM resources will lead to improved device usage and reduced synthesis time.
    Summary:
	inferred 4106 D-type flip-flop(s).
	inferred 264 Multiplexer(s).
Unit <SDRAMController> synthesized.


Synthesizing Unit <CacheController>.
    Related source file is "/home/student2/vscraba/758Project1/project1/CacheController.vhd".
WARNING:Xst:653 - Signal <trig0<0>> is used but never assigned. This sourceless signal will be automatically connected to value 0.
WARNING:Xst:646 - Signal <offset> is assigned but never used. This unconnected signal will be trimmed during the optimization process.
    Found 8x8-bit dual-port RAM <Mram_controllerTag> for signal <controllerTag>.
    Found finite state machine <FSM_1> for signal <state_current>.
    -----------------------------------------------------------------------
    | States             | 7                                              |
    | Transitions        | 16                                             |
    | Inputs             | 6                                              |
    | Outputs            | 10                                             |
    | Clock              | clk                       (rising_edge)        |
    | Power Up State     | state0                                         |
    | Encoding           | automatic                                      |
    | Implementation     | LUT                                            |
    -----------------------------------------------------------------------
    Found 32-bit comparator greatequal for signal <$cmp_ge0000> created at line 257.
    Found 32-bit register for signal <counter>.
    Found 32-bit adder for signal <counter$addsub0000> created at line 332.
    Found 8-bit register for signal <CPU_Din>.
    Found 1-bit register for signal <CPU_RDY>.
    Found 8-bit register for signal <cpuTag>.
    Found 16-bit comparator equal for signal <cpuTag$cmp_eq0000> created at line 205.
    Found 8-bit register for signal <Dbit>.
    Found 1-bit 8-to-1 multiplexer for signal <Dbit$mux0000> created at line 337.
    Found 3-bit register for signal <index>.
    Found 16-bit register for signal <prevCPUAddr>.
    Found 16-bit register for signal <SDRAM_ADDR>.
    Found 8-bit register for signal <SDRAM_Din>.
    Found 32-bit comparator lessequal for signal <SDRAM_Din$cmp_le0000> created at line 320.
    Found 1-bit register for signal <SDRAM_MEMSTRB>.
    Found 32-bit register for signal <SDRAM_offset>.
    Found 32-bit comparator greater for signal <SDRAM_offset$cmp_gt0000> created at line 320.
    Found 32-bit comparator less for signal <SDRAM_offset$cmp_lt0000> created at line 281.
    Found 32-bit adder for signal <SDRAM_offset$share0000>.
    Found 1-bit register for signal <SDRAM_W_R>.
    Found 8-bit register for signal <SRAM_ADDR>.
    Found 8-bit register for signal <SRAM_Din>.
    Found 32-bit register for signal <SRAM_offset>.
    Found 32-bit adder for signal <SRAM_offset$share0000>.
    Found 1-bit register for signal <SRAM_Wen<0>>.
    Found 4-bit register for signal <state>.
    Found 8-bit comparator equal for signal <state$cmp_eq0000> created at line 352.
    Found 8-bit comparator equal for signal <state_current$cmp_eq0000> created at line 352.
    Found 16-bit comparator not equal for signal <state_current$cmp_ne0000> created at line 205.
    Found 8-bit register for signal <Vbit>.
    Found 1-bit 8-to-1 multiplexer for signal <Vbit$mux0000> created at line 337.
    Summary:
	inferred   1 Finite State Machine(s).
	inferred   1 RAM(s).
	inferred 195 D-type flip-flop(s).
	inferred   3 Adder/Subtractor(s).
	inferred   8 Comparator(s).
	inferred   2 Multiplexer(s).
Unit <CacheController> synthesized.

INFO:Xst:1767 - HDL ADVISOR - Resource sharing has identified that some arithmetic operations in this design can share the same physical resources for reduced device utilization. For improved clock frequency you may try to disable resource sharing.

=========================================================================
HDL Synthesis Report

Macro Statistics
# RAMs                                                 : 1
 8x8-bit dual-port RAM                                 : 1
# ROMs                                                 : 1
 8x25-bit ROM                                          : 1
# Adders/Subtractors                                   : 3
 32-bit adder                                          : 3
# Counters                                             : 1
 3-bit up counter                                      : 1
# Registers                                            : 570
 1-bit register                                        : 46
 16-bit register                                       : 1
 2-bit register                                        : 1
 3-bit register                                        : 1
 32-bit register                                       : 3
 4-bit register                                        : 1
 8-bit register                                        : 517
# Latches                                              : 2
 1-bit latch                                           : 2
# Comparators                                          : 8
 16-bit comparator equal                               : 1
 16-bit comparator not equal                           : 1
 32-bit comparator greatequal                          : 1
 32-bit comparator greater                             : 1
 32-bit comparator less                                : 1
 32-bit comparator lessequal                           : 1
 8-bit comparator equal                                : 2
# Multiplexers                                         : 35
 1-bit 8-to-1 multiplexer                              : 2
 8-bit 16-to-1 multiplexer                             : 32
 8-bit 32-to-1 multiplexer                             : 1

=========================================================================

=========================================================================
*                       Advanced HDL Synthesis                          *
=========================================================================

Analyzing FSM <FSM_1> for best encoding.
Optimizing FSM <state_current/FSM> on signal <state_current[1:7]> with one-hot encoding.
--------------------
 State  | Encoding
--------------------
 state0 | 0000001
 state1 | 0000100
 state2 | 0001000
 state3 | 0010000
 state4 | 0100000
 state5 | 1000000
 state6 | 0000010
--------------------
Analyzing FSM <FSM_0> for best encoding.
Optimizing FSM <myCPU_gen/st1/FSM> on signal <st1[1:6]> with one-hot encoding.
-------------------
 State | Encoding
-------------------
 000   | 000001
 001   | 000010
 010   | 000100
 011   | 001000
 100   | 010000
 101   | 100000
-------------------
Reading core <ipcore_dir/bram.ngc>.
Reading core <ipcore_dir/icon.ngc>.
Reading core <ipcore_dir/ila.ngc>.
Loading core <BRAM> for timing and area information for instance <mySRAM>.
Loading core <icon> for timing and area information for instance <myIcon>.
Loading core <ila> for timing and area information for instance <myILA>.
WARNING:Xst:1426 - The value init of the FF/Latch init_0 hinder the constant cleaning in the block SDRAM.
   You should achieve better results by setting this init to 0.
WARNING:Xst:1710 - FF/Latch <state_3> (without init value) has a constant value of 0 in block <CacheController>. This FF/Latch will be trimmed during the optimization process.
WARNING:Xst:2677 - Node <init_1> of sequential type is unconnected in block <SDRAM>.

Synthesizing (advanced) Unit <CacheController>.
INFO:Xst:3231 - The small RAM <Mram_controllerTag> will be implemented on LUTs in order to maximize performance and save block RAM resources. If you want to force its implementation on block, use option/constraint ram_style.
    -----------------------------------------------------------------------
    | ram_type           | Distributed                         |          |
    -----------------------------------------------------------------------
    | Port A                                                              |
    |     aspect ratio   | 8-word x 8-bit                      |          |
    |     clkA           | connected to signal <clk>           | rise     |
    |     weA            | connected to signal <_cmp_ge0000_0> | high     |
    |     addrA          | connected to signal <index>         |          |
    |     diA            | connected to signal <cpuTag>        |          |
    |     doA            | connected to signal <ila_data>      |          |
    -----------------------------------------------------------------------
    | Port B                                                              |
    |     aspect ratio   | 8-word x 8-bit                      |          |
    |     addrB          | connected to signal <index>         |          |
    |     doB            | connected to internal node          |          |
    -----------------------------------------------------------------------
Unit <CacheController> synthesized (advanced).
WARNING:Xst:2677 - Node <init_1> of sequential type is unconnected in block <SDRAMController>.

=========================================================================
Advanced HDL Synthesis Report

Macro Statistics
# FSMs                                                 : 2
# RAMs                                                 : 1
 8x8-bit dual-port distributed RAM                     : 1
# ROMs                                                 : 1
 8x25-bit ROM                                          : 1
# Adders/Subtractors                                   : 3
 32-bit adder                                          : 3
# Counters                                             : 1
 3-bit up counter                                      : 1
# Registers                                            : 4302
 Flip-Flops                                            : 4302
# Latches                                              : 2
 1-bit latch                                           : 2
# Comparators                                          : 8
 16-bit comparator equal                               : 1
 16-bit comparator not equal                           : 1
 32-bit comparator greatequal                          : 1
 32-bit comparator greater                             : 1
 32-bit comparator less                                : 1
 32-bit comparator lessequal                           : 1
 8-bit comparator equal                                : 2
# Multiplexers                                         : 35
 1-bit 8-to-1 multiplexer                              : 2
 8-bit 16-to-1 multiplexer                             : 32
 8-bit 32-to-1 multiplexer                             : 1

=========================================================================

=========================================================================
*                         Low Level Synthesis                           *
=========================================================================
WARNING:Xst:1426 - The value init of the FF/Latch init_0 hinder the constant cleaning in the block SDRAMController.
   You should achieve better results by setting this init to 0.
WARNING:Xst:1710 - FF/Latch <state_3> (without init value) has a constant value of 0 in block <CacheController>. This FF/Latch will be trimmed during the optimization process.
INFO:Xst:2261 - The FF/Latch <prevCPUAddr_5> in Unit <CacheController> is equivalent to the following FF/Latch, which will be removed : <index_0> 
INFO:Xst:2261 - The FF/Latch <prevCPUAddr_6> in Unit <CacheController> is equivalent to the following FF/Latch, which will be removed : <index_1> 
INFO:Xst:2261 - The FF/Latch <prevCPUAddr_7> in Unit <CacheController> is equivalent to the following FF/Latch, which will be removed : <index_2> 
INFO:Xst:2261 - The FF/Latch <prevCPUAddr_8> in Unit <CacheController> is equivalent to the following FF/Latch, which will be removed : <cpuTag_0> 
INFO:Xst:2261 - The FF/Latch <prevCPUAddr_9> in Unit <CacheController> is equivalent to the following FF/Latch, which will be removed : <cpuTag_1> 
INFO:Xst:2261 - The FF/Latch <prevCPUAddr_10> in Unit <CacheController> is equivalent to the following FF/Latch, which will be removed : <cpuTag_2> 
INFO:Xst:2261 - The FF/Latch <prevCPUAddr_11> in Unit <CacheController> is equivalent to the following FF/Latch, which will be removed : <cpuTag_3> 
INFO:Xst:2261 - The FF/Latch <prevCPUAddr_12> in Unit <CacheController> is equivalent to the following FF/Latch, which will be removed : <cpuTag_4> 
INFO:Xst:2261 - The FF/Latch <prevCPUAddr_13> in Unit <CacheController> is equivalent to the following FF/Latch, which will be removed : <cpuTag_5> 
INFO:Xst:2261 - The FF/Latch <prevCPUAddr_14> in Unit <CacheController> is equivalent to the following FF/Latch, which will be removed : <cpuTag_6> 
INFO:Xst:2261 - The FF/Latch <prevCPUAddr_15> in Unit <CacheController> is equivalent to the following FF/Latch, which will be removed : <cpuTag_7> 
WARNING:Xst:2677 - Node <SRAM_offset_5> of sequential type is unconnected in block <CacheController>.
WARNING:Xst:2677 - Node <SRAM_offset_6> of sequential type is unconnected in block <CacheController>.
WARNING:Xst:2677 - Node <SRAM_offset_7> of sequential type is unconnected in block <CacheController>.
WARNING:Xst:2677 - Node <SRAM_offset_8> of sequential type is unconnected in block <CacheController>.
WARNING:Xst:2677 - Node <SRAM_offset_9> of sequential type is unconnected in block <CacheController>.
WARNING:Xst:2677 - Node <SRAM_offset_10> of sequential type is unconnected in block <CacheController>.
WARNING:Xst:2677 - Node <SRAM_offset_11> of sequential type is unconnected in block <CacheController>.
WARNING:Xst:2677 - Node <SRAM_offset_12> of sequential type is unconnected in block <CacheController>.
WARNING:Xst:2677 - Node <SRAM_offset_13> of sequential type is unconnected in block <CacheController>.
WARNING:Xst:2677 - Node <SRAM_offset_14> of sequential type is unconnected in block <CacheController>.
WARNING:Xst:2677 - Node <SRAM_offset_15> of sequential type is unconnected in block <CacheController>.
WARNING:Xst:2677 - Node <SRAM_offset_16> of sequential type is unconnected in block <CacheController>.
WARNING:Xst:2677 - Node <SRAM_offset_17> of sequential type is unconnected in block <CacheController>.
WARNING:Xst:2677 - Node <SRAM_offset_18> of sequential type is unconnected in block <CacheController>.
WARNING:Xst:2677 - Node <SRAM_offset_19> of sequential type is unconnected in block <CacheController>.
WARNING:Xst:2677 - Node <SRAM_offset_20> of sequential type is unconnected in block <CacheController>.
WARNING:Xst:2677 - Node <SRAM_offset_21> of sequential type is unconnected in block <CacheController>.
WARNING:Xst:2677 - Node <SRAM_offset_22> of sequential type is unconnected in block <CacheController>.
WARNING:Xst:2677 - Node <SRAM_offset_23> of sequential type is unconnected in block <CacheController>.
WARNING:Xst:2677 - Node <SRAM_offset_24> of sequential type is unconnected in block <CacheController>.
WARNING:Xst:2677 - Node <SRAM_offset_25> of sequential type is unconnected in block <CacheController>.
WARNING:Xst:2677 - Node <SRAM_offset_26> of sequential type is unconnected in block <CacheController>.
WARNING:Xst:2677 - Node <SRAM_offset_27> of sequential type is unconnected in block <CacheController>.
WARNING:Xst:2677 - Node <SRAM_offset_28> of sequential type is unconnected in block <CacheController>.
WARNING:Xst:2677 - Node <SRAM_offset_29> of sequential type is unconnected in block <CacheController>.
WARNING:Xst:2677 - Node <SRAM_offset_30> of sequential type is unconnected in block <CacheController>.
WARNING:Xst:2677 - Node <SRAM_offset_31> of sequential type is unconnected in block <CacheController>.

Optimizing unit <CacheController> ...

Optimizing unit <CPU_gen> ...

Optimizing unit <SDRAMController> ...
WARNING:Xst:1293 - FF/Latch <prevCPUAddr_15> has a constant value of 0 in block <CacheController>. This FF/Latch will be trimmed during the optimization process.
WARNING:Xst:1896 - Due to other FF/Latch trimming, FF/Latch <prevCPUAddr_11> has a constant value of 0 in block <CacheController>. This FF/Latch will be trimmed during the optimization process.
WARNING:Xst:1896 - Due to other FF/Latch trimming, FF/Latch <prevCPUAddr_7> has a constant value of 0 in block <CacheController>. This FF/Latch will be trimmed during the optimization process.
WARNING:Xst:1896 - Due to other FF/Latch trimming, FF/Latch <prevCPUAddr_5> has a constant value of 0 in block <CacheController>. This FF/Latch will be trimmed during the optimization process.
WARNING:Xst:1896 - Due to other FF/Latch trimming, FF/Latch <prevCPUAddr_4> has a constant value of 0 in block <CacheController>. This FF/Latch will be trimmed during the optimization process.
WARNING:Xst:1896 - Due to other FF/Latch trimming, FF/Latch <prevCPUAddr_3> has a constant value of 0 in block <CacheController>. This FF/Latch will be trimmed during the optimization process.
WARNING:Xst:1896 - Due to other FF/Latch trimming, FF/Latch <prevCPUAddr_0> has a constant value of 0 in block <CacheController>. This FF/Latch will be trimmed during the optimization process.
WARNING:Xst:1895 - Due to other FF/Latch trimming, FF/Latch <SDRAM_ADDR_7> (without init value) has a constant value of 0 in block <CacheController>. This FF/Latch will be trimmed during the optimization process.
WARNING:Xst:1895 - Due to other FF/Latch trimming, FF/Latch <SDRAM_ADDR_5> (without init value) has a constant value of 0 in block <CacheController>. This FF/Latch will be trimmed during the optimization process.
WARNING:Xst:1896 - Due to other FF/Latch trimming, FF/Latch <Vbit_7> has a constant value of 0 in block <CacheController>. This FF/Latch will be trimmed during the optimization process.
WARNING:Xst:1896 - Due to other FF/Latch trimming, FF/Latch <Vbit_6> has a constant value of 0 in block <CacheController>. This FF/Latch will be trimmed during the optimization process.
WARNING:Xst:1896 - Due to other FF/Latch trimming, FF/Latch <Vbit_5> has a constant value of 0 in block <CacheController>. This FF/Latch will be trimmed during the optimization process.
WARNING:Xst:1896 - Due to other FF/Latch trimming, FF/Latch <Vbit_4> has a constant value of 0 in block <CacheController>. This FF/Latch will be trimmed during the optimization process.
WARNING:Xst:1896 - Due to other FF/Latch trimming, FF/Latch <Vbit_3> has a constant value of 0 in block <CacheController>. This FF/Latch will be trimmed during the optimization process.
WARNING:Xst:1896 - Due to other FF/Latch trimming, FF/Latch <Vbit_1> has a constant value of 0 in block <CacheController>. This FF/Latch will be trimmed during the optimization process.
WARNING:Xst:1895 - Due to other FF/Latch trimming, FF/Latch <SRAM_ADDR_7> (without init value) has a constant value of 0 in block <CacheController>. This FF/Latch will be trimmed during the optimization process.
WARNING:Xst:1895 - Due to other FF/Latch trimming, FF/Latch <SRAM_ADDR_5> (without init value) has a constant value of 0 in block <CacheController>. This FF/Latch will be trimmed during the optimization process.
WARNING:Xst:1896 - Due to other FF/Latch trimming, FF/Latch <Dbit_7> has a constant value of 0 in block <CacheController>. This FF/Latch will be trimmed during the optimization process.
WARNING:Xst:1896 - Due to other FF/Latch trimming, FF/Latch <Dbit_6> has a constant value of 0 in block <CacheController>. This FF/Latch will be trimmed during the optimization process.
WARNING:Xst:1896 - Due to other FF/Latch trimming, FF/Latch <Dbit_5> has a constant value of 0 in block <CacheController>. This FF/Latch will be trimmed during the optimization process.
WARNING:Xst:1896 - Due to other FF/Latch trimming, FF/Latch <Dbit_4> has a constant value of 0 in block <CacheController>. This FF/Latch will be trimmed during the optimization process.
WARNING:Xst:1896 - Due to other FF/Latch trimming, FF/Latch <Dbit_3> has a constant value of 0 in block <CacheController>. This FF/Latch will be trimmed during the optimization process.
WARNING:Xst:1896 - Due to other FF/Latch trimming, FF/Latch <Dbit_1> has a constant value of 0 in block <CacheController>. This FF/Latch will be trimmed during the optimization process.
INFO:Xst:2399 - RAMs <Mram_controllerTag4>, <Mram_controllerTag8> are equivalent, second RAM is removed

Mapping all equations...
Building and optimizing final netlist ...
INFO:Xst:2261 - The FF/Latch <prevCPUAddr_9> in Unit <CacheController> is equivalent to the following FF/Latch, which will be removed : <prevCPUAddr_13> 
INFO:Xst:2261 - The FF/Latch <prevCPUAddr_10> in Unit <CacheController> is equivalent to the following FF/Latch, which will be removed : <prevCPUAddr_14> 
INFO:Xst:2261 - The FF/Latch <prevCPUAddr_8> in Unit <CacheController> is equivalent to the following FF/Latch, which will be removed : <prevCPUAddr_12> 
INFO:Xst:2399 - RAMs <Mram_controllerTag3>, <Mram_controllerTag7> are equivalent, second RAM is removed
INFO:Xst:2399 - RAMs <Mram_controllerTag1>, <Mram_controllerTag5> are equivalent, second RAM is removed
INFO:Xst:2399 - RAMs <Mram_controllerTag2>, <Mram_controllerTag6> are equivalent, second RAM is removed
Found area constraint ratio of 100 (+ 5) on block CacheController, actual ratio is 98.
Latch myCPU_gen/cs has been replicated 1 time(s) to handle iob=true attribute.
FlipFlop SDRAM_MEMSTRB has been replicated 1 time(s) to handle iob=true attribute.
FlipFlop CPU_RDY has been replicated 1 time(s) to handle iob=true attribute.
FlipFlop myCPU_gen/patCtrl_2 has been replicated 1 time(s) to handle iob=true attribute.
FlipFlop CPU_Din_7 has been replicated 1 time(s) to handle iob=true attribute.
FlipFlop CPU_Din_6 has been replicated 1 time(s) to handle iob=true attribute.
FlipFlop CPU_Din_5 has been replicated 1 time(s) to handle iob=true attribute.
FlipFlop CPU_Din_4 has been replicated 1 time(s) to handle iob=true attribute.
FlipFlop CPU_Din_3 has been replicated 1 time(s) to handle iob=true attribute.
FlipFlop CPU_Din_2 has been replicated 1 time(s) to handle iob=true attribute.
FlipFlop CPU_Din_1 has been replicated 1 time(s) to handle iob=true attribute.
FlipFlop CPU_Din_0 has been replicated 1 time(s) to handle iob=true attribute.

Final Macro Processing ...

=========================================================================
Final Register Report

Macro Statistics
# Registers                                            : 4264
 Flip-Flops                                            : 4264

=========================================================================

=========================================================================
*                           Partition Report                            *
=========================================================================

Partition Implementation Status
-------------------------------

  No Partitions were found in this design.

-------------------------------

=========================================================================
*                            Final Report                               *
=========================================================================
Final Results
RTL Top Level Output File Name     : CacheController.ngr
Top Level Output File Name         : CacheController
Output Format                      : NGC
Optimization Goal                  : Speed
Keep Hierarchy                     : No

Design Statistics
# IOs                              : 29

Cell Usage :
# BELS                             : 10154
#      GND                         : 4
#      INV                         : 15
#      LUT1                        : 120
#      LUT2                        : 563
#      LUT3                        : 2703
#      LUT3_L                      : 1
#      LUT4                        : 4437
#      LUT4_L                      : 1
#      MUXCY                       : 112
#      MUXCY_L                     : 55
#      MUXF5                       : 1090
#      MUXF6                       : 537
#      MUXF7                       : 264
#      MUXF8                       : 128
#      VCC                         : 4
#      XORCY                       : 120
# FlipFlops/Latches                : 4682
#      FD                          : 202
#      FDC                         : 6
#      FDCE                        : 24
#      FDE                         : 4169
#      FDP                         : 117
#      FDPE                        : 8
#      FDR                         : 42
#      FDRE                        : 65
#      FDRS                        : 4
#      FDS                         : 37
#      FDSE                        : 4
#      LD                          : 3
#      LDC                         : 1
# RAMS                             : 9
#      RAM16X1D                    : 4
#      RAMB16_S1_S36               : 4
#      RAMB16_S36_S36              : 1
# Shift Registers                  : 167
#      SRL16                       : 114
#      SRL16E                      : 1
#      SRLC16E                     : 52
# Clock Buffers                    : 2
#      BUFG                        : 1
#      BUFGP                       : 1
# IO Buffers                       : 28
#      OBUF                        : 28
# Others                           : 4
#      BSCAN_SPARTAN3              : 1
#      TIMESPEC                    : 3
=========================================================================

Device utilization summary:
---------------------------

Selected Device : 3s500efg320-5 

 Number of Slices:                     4554  out of   4656    97%  
 Number of Slice Flip Flops:           4670  out of   9312    50%  
 Number of 4 input LUTs:               8015  out of   9312    86%  
    Number used as logic:              7840
    Number used as Shift registers:     167
    Number used as RAMs:                  8
 Number of IOs:                          29
 Number of bonded IOBs:                  29  out of    232    12%  
    IOB Flip Flops:                      12
 Number of BRAMs:                         5  out of     20    25%  
 Number of GCLKs:                         2  out of     24     8%  

---------------------------
Partition Resource Summary:
---------------------------

  No Partitions were found in this design.

---------------------------


=========================================================================
TIMING REPORT

NOTE: THESE TIMING NUMBERS ARE ONLY A SYNTHESIS ESTIMATE.
      FOR ACCURATE TIMING INFORMATION PLEASE REFER TO THE TRACE REPORT
      GENERATED AFTER PLACE-and-ROUTE.

Clock Information:
------------------
--------------------------------------------------------------------------+---------------------------------------------------+-------+
Clock Signal                                                              | Clock buffer(FF name)                             | Load  |
--------------------------------------------------------------------------+---------------------------------------------------+-------+
clk                                                                       | BUFGP                                             | 4720  |
myIcon/U0/U_ICON/I_YES_BSCAN.U_BS/DRCK1                                   | BUFG                                              | 137   |
myIcon/U0/iUPDATE_OUT                                                     | NONE(myIcon/U0/U_ICON/U_iDATA_CMD)                | 1     |
myIcon/CONTROL0<13>(myIcon/U0/U_ICON/U_CTRL_OUT/F_NCP[0].F_CMD[9].U_LCE:O)| NONE(*)(myILA/U0/I_YES_D.U_ILA/U_STAT/U_DIRTY_LDC)| 1     |
myCPU_gen/updPat_or0000(myCPU_gen/updPat_or0000:O)                        | NONE(*)(myCPU_gen/updPat)                         | 3     |
--------------------------------------------------------------------------+---------------------------------------------------+-------+
(*) These 2 clock signal(s) are generated by combinatorial logic,
and XST is not able to identify which are the primary clock signals.
Please use the CLOCK_SIGNAL constraint to specify the clock signal(s) generated by combinatorial logic.
INFO:Xst:2169 - HDL ADVISOR - Some clock signals were not automatically buffered by XST with BUFG/BUFR resources. Please use the buffer_type constraint in order to insert these buffers to the clock signals to help prevent skew problems.

Asynchronous Control Signals Information:
----------------------------------------
-------------------------------------------------------------------------------------------------------+--------------------------------------------------------------------------------------------------------------------+-------+
Control Signal                                                                                         | Buffer(FF name)                                                                                                    | Load  |
-------------------------------------------------------------------------------------------------------+--------------------------------------------------------------------------------------------------------------------+-------+
myILA/N0(myILA/XST_GND:G)                                                                              | NONE(myILA/U0/I_DQ.G_DW[0].U_DQ)                                                                                   | 116   |
Dbit<1>(XST_GND:G)                                                                                     | NONE(myCPU_gen/patCtrl_0)                                                                                          | 10    |
myIcon/U0/U_ICON/U_CMD/iSEL_n(myIcon/U0/U_ICON/U_CMD/U_SEL_n:O)                                        | NONE(myIcon/U0/U_ICON/U_CMD/G_TARGET[10].I_NE0.U_TARGET)                                                           | 10    |
myILA/U0/I_YES_D.U_ILA/U_RST/U_ARM_XFER/iCLR(myILA/U0/I_YES_D.U_ILA/U_RST/U_ARM_XFER/U_CLEAR:O)        | NONE(myILA/U0/I_YES_D.U_ILA/U_RST/U_ARM_XFER/U_DOUT0)                                                              | 4     |
myILA/U0/I_YES_D.U_ILA/U_RST/U_HALT_XFER/iCLR(myILA/U0/I_YES_D.U_ILA/U_RST/U_HALT_XFER/U_CLEAR:O)      | NONE(myILA/U0/I_YES_D.U_ILA/U_RST/U_HALT_XFER/U_DOUT0)                                                             | 4     |
myILA/U0/I_YES_D.U_ILA/U_STAT/U_DSL1/iCLR(myILA/U0/I_YES_D.U_ILA/U_STAT/U_DSL1/U_CLEAR:O)              | NONE(myILA/U0/I_YES_D.U_ILA/U_STAT/U_DSL1/U_DOUT0)                                                                 | 4     |
myILA/U0/I_YES_D.U_ILA/iARM(myILA/U0/I_YES_D.U_ILA/U_RST/U_ARM_XFER/U_GEN_DELAY[3].U_FD:Q)             | NONE(myILA/U0/I_YES_D.U_ILA/U_STAT/U_DIRTY_FDCE)                                                                   | 2     |
myIcon/CONTROL0<20>(myIcon/U0/U_ICON/U_CTRL_OUT/F_NCP[0].F_CMD[0].U_HCE:O)                             | NONE(myILA/U0/I_YES_D.U_ILA/U_TRIG/U_TM/G_NMU[0].U_M/U_MU/I_MUT_GANDX.U_match/I_SRL16.U_GANDX_SRL16/F_TW[0].U_TREG)| 2     |
myILA/U0/I_YES_D.U_ILA/U_STAT/ACTRESET_pulse(myILA/U0/I_YES_D.U_ILA/U_STAT/U_RESET_EDGE/I_H2L.U_DOUT:Q)| NONE(myILA/U0/I_YES_D.U_ILA/U_STAT/U_RISING)                                                                       | 1     |
myILA/U0/I_YES_D.U_ILA/iRESET<1>(myILA/U0/I_YES_D.U_ILA/U_RST/G_RST[1].U_RST:Q)                        | NONE(myILA/U0/I_YES_D.U_ILA/U_TRIG/U_TM/G_NMU[0].U_M/U_MU/I_OREG.I_YES_OREG.U_OREG)                                | 1     |
myIcon/CONTROL0<13>(myIcon/U0/U_ICON/U_CTRL_OUT/F_NCP[0].F_CMD[9].U_LCE:O)                             | NONE(myILA/U0/I_YES_D.U_ILA/U_STAT/U_DIRTY_FDPE)                                                                   | 1     |
myIcon/U0/U_ICON/iSEL_n(myIcon/U0/U_ICON/U_iSEL_n:O)                                                   | NONE(myIcon/U0/U_ICON/U_iDATA_CMD)                                                                                 | 1     |
-------------------------------------------------------------------------------------------------------+--------------------------------------------------------------------------------------------------------------------+-------+

Timing Summary:
---------------
Speed Grade: -5

   Minimum period: 11.452ns (Maximum Frequency: 87.319MHz)
   Minimum input arrival time before clock: 0.625ns
   Maximum output required time after clock: 6.313ns
   Maximum combinational path delay: No path found

=========================================================================
Timing constraint: TS_J_CLK = PERIOD TIMEGRP "J_CLK" 30 nS HIGH 15 nS
  Clock period: 11.202ns (frequency: 89.268MHz)
  Total number of paths / destination ports: 3427 / 315
  Number of failed paths / ports: 0 (0.00%) / 0 (0.00%)
-------------------------------------------------------------------------
Slack:                  22.991ns
  Source:               myIcon/U0/U_ICON/U_TDI_reg (FF)
  Destination:          myILA/U0/I_YES_D.U_ILA/U_STAT/U_TDO (FF)
  Data Path Delay:      11.202ns (Levels of Logic = 9)
  Source Clock:         myIcon/U0/U_ICON/I_YES_BSCAN.U_BS/DRCK1 rising at 0.000ns
  Destination Clock:    myIcon/U0/U_ICON/I_YES_BSCAN.U_BS/DRCK1 rising at 30.000ns

  Data Path: myIcon/U0/U_ICON/U_TDI_reg (FF) to myILA/U0/I_YES_D.U_ILA/U_STAT/U_TDO (FF)
                                Gate     Net
    Cell:in->out      fanout   Delay   Delay  Logical Name (Net Name)
    ----------------------------------------  ------------
     FDE:C->Q              7   0.514   0.632  U0/U_ICON/U_TDI_reg (CONTROL0<1>)
     end scope: 'myIcon'
     begin scope: 'myILA'
     LUT4:I2->O            1   0.612   0.000  U0/U_XST_CONTROLBUS_WORKAROUND/CONTROL_XST_WORKAROUND_O_cmp_eq0000_wg_lut<7> (U0/U_XST_CONTROLBUS_WORKAROUND/CONTROL_XST_WORKAROUND_O_cmp_eq0000_wg_lut<7>)
     MUXCY:S->O            1   0.404   0.000  U0/U_XST_CONTROLBUS_WORKAROUND/CONTROL_XST_WORKAROUND_O_cmp_eq0000_wg_cy<7> (U0/U_XST_CONTROLBUS_WORKAROUND/CONTROL_XST_WORKAROUND_O_cmp_eq0000_wg_cy<7>)
     MUXCY:CI->O           3   0.399   0.603  U0/U_XST_CONTROLBUS_WORKAROUND/CONTROL_XST_WORKAROUND_O_cmp_eq0000_wg_cy<8> (U0/U_XST_CONTROLBUS_WORKAROUND/CONTROL_XST_WORKAROUND_O_cmp_eq0000_wg_cy<8>)
     LUT3:I0->O            1   0.612   0.000  U0/I_YES_D.U_ILA/U_STAT/U_SMUX/U_CS_MUX/I6.U_MUX64/Mmux_O_15_f5_G (N41)
     MUXF5:I1->O           1   0.278   0.387  U0/I_YES_D.U_ILA/U_STAT/U_SMUX/U_CS_MUX/I6.U_MUX64/Mmux_O_15_f5 (U0/I_YES_D.U_ILA/U_STAT/U_SMUX/U_CS_MUX/I6.U_MUX64/Mmux_O_15_f5)
     LUT3_L:I2->LO         1   0.612   0.103  U0/I_YES_D.U_ILA/U_STAT/U_MUX/U_CS_MUX/I1.U_MUX2/O21_SW0 (N38)
     LUT4:I3->O            1   0.612   0.360  U0/I_YES_D.U_ILA/U_STAT/U_MUX/U_CS_MUX/I1.U_MUX2/O39 (U0/I_YES_D.U_ILA/U_STAT/U_MUX/U_CS_MUX/I1.U_MUX2/O39)
     LUT4:I3->O            1   0.612   0.000  U0/I_YES_D.U_ILA/U_STAT/U_MUX/U_CS_MUX/I1.U_MUX2/O87 (U0/I_YES_D.U_ILA/U_STAT/TDO_next)
     FDE:D                     0.268          U0/I_YES_D.U_ILA/U_STAT/U_TDO
    ----------------------------------------
    Total                     11.202ns (9.117ns logic, 2.085ns route)
                                       (81.4% logic, 18.6% route)

=========================================================================
Timing constraint: TS_U_TO_J = MAXDELAY FROM TIMEGRP "U_CLK" TO TIMEGRP "J_CLK" 15 nS
  Clock period: 3.016ns (frequency: 331.587MHz)
  Total number of paths / destination ports: 18 / 18
  Number of failed paths / ports: 0 (0.00%) / 0 (0.00%)
-------------------------------------------------------------------------
Slack:                  11.984ns
  Source:               myIcon/U0/U_ICON/U_iDATA_CMD (FF)
  Destination:          myIcon/U0/U_ICON/U_SYNC/G_SYNC_WORD[6].I_EQ0.U_FDR (FF)
  Data Path Delay:      3.016ns (Levels of Logic = 1)
  Source Clock:         myIcon/U0/iUPDATE_OUT rising at 0.000ns
  Destination Clock:    myIcon/U0/U_ICON/I_YES_BSCAN.U_BS/DRCK1 rising at 15.000ns

  Data Path: myIcon/U0/U_ICON/U_iDATA_CMD (FF) to myIcon/U0/U_ICON/U_SYNC/G_SYNC_WORD[6].I_EQ0.U_FDR (FF)
                                Gate     Net
    Cell:in->out      fanout   Delay   Delay  Logical Name (Net Name)
    ----------------------------------------  ------------
     FDC:C->Q              3   0.514   0.451  U0/U_ICON/U_iDATA_CMD (U0/U_ICON/iDATA_CMD)
     INV:I->O              8   0.612   0.643  U0/U_ICON/U_SYNC/U_iDATA_CMD_n (U0/U_ICON/U_SYNC/iDATA_CMD_n)
     FDR:R                     0.795          U0/U_ICON/U_SYNC/G_SYNC_WORD[6].I_EQ0.U_FDR
    ----------------------------------------
    Total                      3.016ns (1.921ns logic, 1.095ns route)
                                       (63.7% logic, 36.3% route)

=========================================================================
Timing constraint: TS_U_TO_U = MAXDELAY FROM TIMEGRP "U_CLK" TO TIMEGRP "U_CLK" 15 nS
  Clock period: 2.202ns (frequency: 454.060MHz)
  Total number of paths / destination ports: 1 / 1
  Number of failed paths / ports: 0 (0.00%) / 0 (0.00%)
-------------------------------------------------------------------------
Slack:                  12.798ns
  Source:               myIcon/U0/U_ICON/U_iDATA_CMD (FF)
  Destination:          myIcon/U0/U_ICON/U_iDATA_CMD (FF)
  Data Path Delay:      2.202ns (Levels of Logic = 1)
  Source Clock:         myIcon/U0/iUPDATE_OUT rising at 0.000ns
  Destination Clock:    myIcon/U0/iUPDATE_OUT rising at 15.000ns

  Data Path: myIcon/U0/U_ICON/U_iDATA_CMD (FF) to myIcon/U0/U_ICON/U_iDATA_CMD (FF)
                                Gate     Net
    Cell:in->out      fanout   Delay   Delay  Logical Name (Net Name)
    ----------------------------------------  ------------
     FDC:C->Q              3   0.514   0.451  U0/U_ICON/U_iDATA_CMD (U0/U_ICON/iDATA_CMD)
     INV:I->O              1   0.612   0.357  U0/U_ICON/U_iDATA_CMD_n (U0/U_ICON/iDATA_CMD_n)
     FDC:D                     0.268          U0/U_ICON/U_iDATA_CMD
    ----------------------------------------
    Total                      2.202ns (1.394ns logic, 0.808ns route)
                                       (63.3% logic, 36.7% route)

=========================================================================
Timing constraint: TS_J_TO_D = FROM TIMEGRP "J_CLK" TO TIMEGRP "D_CLK" TIG;
  Clock period: 5.445ns (frequency: 183.655MHz)
  Total number of paths / destination ports: 218 / 115
  Number of failed paths / ports: 0 (0.00%) / 0 (0.00%)
-------------------------------------------------------------------------
Delay:                  5.445ns
  Source:               myILA/U0/I_YES_D.U_ILA/U_G2_SQ.U_CAPCTRL/I_SRLT_NE_1.U_SCRST/I_NOLUT6.I_SRL_T2.I_YES_RPM.UF0_CFGLUT4 (FF)
  Destination:          myILA/U0/I_YES_D.U_ILA/U_G2_SQ.U_CAPCTRL/U_CAP_ADDRGEN/I_NO_TSEQ.I_SRLT_NE_1.U_SCNT/G[8].U_FDRE (FF)
  Data Path Delay:      5.445ns (Levels of Logic = 2)
  Source Clock:         myIcon/U0/U_ICON/I_YES_BSCAN.U_BS/DRCK1 rising at 0.000ns
  Destination Clock:    clk rising at 0.000ns

  Data Path: myILA/U0/I_YES_D.U_ILA/U_G2_SQ.U_CAPCTRL/I_SRLT_NE_1.U_SCRST/I_NOLUT6.I_SRL_T2.I_YES_RPM.UF0_CFGLUT4 (FF) to myILA/U0/I_YES_D.U_ILA/U_G2_SQ.U_CAPCTRL/U_CAP_ADDRGEN/I_NO_TSEQ.I_SRLT_NE_1.U_SCNT/G[8].U_FDRE (FF)
                                Gate     Net
    Cell:in->out      fanout   Delay   Delay  Logical Name (Net Name)
    ----------------------------------------  ------------
     SRLC16E:CLK->Q        1   3.224   0.000  U0/I_YES_D.U_ILA/U_G2_SQ.U_CAPCTRL/I_SRLT_NE_1.U_SCRST/I_NOLUT6.I_SRL_T2.I_YES_RPM.UF0_CFGLUT4 (U0/I_YES_D.U_ILA/U_G2_SQ.U_CAPCTRL/I_SRLT_NE_1.U_SCRST/iO<0>)
     MUXF5:I1->O           1   0.278   0.000  U0/I_YES_D.U_ILA/U_G2_SQ.U_CAPCTRL/I_SRLT_NE_1.U_SCRST/I_NOLUT6.I_SRL_T2.I_YES_RPM.U0_MUXF5 (U0/I_YES_D.U_ILA/U_G2_SQ.U_CAPCTRL/I_SRLT_NE_1.U_SCRST/jO<0>)
     MUXF6:I1->O           9   0.451   0.697  U0/I_YES_D.U_ILA/U_G2_SQ.U_CAPCTRL/I_SRLT_NE_1.U_SCRST/I_NOLUT6.I_SRL_T2.I_YES_RPM.I_NO_OREG.U_MUXF6 (U0/I_YES_D.U_ILA/U_G2_SQ.U_CAPCTRL/SCNT_RESET)
     FDRE:R                    0.795          U0/I_YES_D.U_ILA/U_G2_SQ.U_CAPCTRL/U_CAP_ADDRGEN/I_NO_TSEQ.I_SRLT_NE_1.U_SCNT/G[8].U_FDRE
    ----------------------------------------
    Total                      5.445ns (4.748ns logic, 0.697ns route)
                                       (87.2% logic, 12.8% route)

=========================================================================
Timing constraint: TS_D_TO_J = FROM TIMEGRP "D_CLK" TO TIMEGRP "J_CLK" TIG;
  Clock period: 6.457ns (frequency: 154.871MHz)
  Total number of paths / destination ports: 350 / 332
  Number of failed paths / ports: 0 (0.00%) / 0 (0.00%)
-------------------------------------------------------------------------
Delay:                  6.457ns
  Source:               myILA/U0/I_YES_D.U_ILA/U_CAPSTOR/I_CASE1.I_NO_TB.I_RT1.U_RAM/G_BRAM[0].U_BRAM/ram_rt1_s1_s32_if.ram_rt1_s1_s32_i (RAM)
  Destination:          myIcon/U0/U_ICON/U_TDO_reg (FF)
  Data Path Delay:      6.457ns (Levels of Logic = 6)
  Source Clock:         myIcon/U0/U_ICON/I_YES_BSCAN.U_BS/DRCK1 rising at 0.000ns
  Destination Clock:    myIcon/U0/U_ICON/I_YES_BSCAN.U_BS/DRCK1 rising at 0.000ns

  Data Path: myILA/U0/I_YES_D.U_ILA/U_CAPSTOR/I_CASE1.I_NO_TB.I_RT1.U_RAM/G_BRAM[0].U_BRAM/ram_rt1_s1_s32_if.ram_rt1_s1_s32_i (RAM) to myIcon/U0/U_ICON/U_TDO_reg (FF)
                                Gate     Net
    Cell:in->out      fanout   Delay   Delay  Logical Name (Net Name)
    ----------------------------------------  ------------
     RAMB16_S1_S36:CLKA->DOA0    1   2.436   0.426  U0/I_YES_D.U_ILA/U_CAPSTOR/I_CASE1.I_NO_TB.I_RT1.U_RAM/G_BRAM[0].U_BRAM/ram_rt1_s1_s32_if.ram_rt1_s1_s32_i (U0/I_YES_D.U_ILA/U_CAPSTOR/I_CASE1.I_NO_TB.I_RT1.U_RAM/localDOA<0>)
     LUT3:I1->O            1   0.612   0.000  U0/I_YES_D.U_ILA/U_CAPSTOR/I_CASE1.I_NO_TB.I_RT1.U_RAM/I_MUX.U_RD_DATA/U_CS_MUX/I2.U_MUX4/Mmux_O_4 (U0/I_YES_D.U_ILA/U_CAPSTOR/I_CASE1.I_NO_TB.I_RT1.U_RAM/I_MUX.U_RD_DATA/U_CS_MUX/I2.U_MUX4/Mmux_O_4)
     MUXF5:I0->O           1   0.278   0.426  U0/I_YES_D.U_ILA/U_CAPSTOR/I_CASE1.I_NO_TB.I_RT1.U_RAM/I_MUX.U_RD_DATA/U_CS_MUX/I2.U_MUX4/Mmux_O_2_f5 (U0/I_YES_D.U_ILA/iDATA_DOUT)
     LUT3:I1->O            1   0.612   0.509  U0/I_YES_D.U_ILA/U_DOUT (CONTROL<3>)
     end scope: 'myILA'
     begin scope: 'myIcon'
     LUT4:I0->O            1   0.612   0.000  U0/U_ICON/U_TDO_MUX/U_CS_MUX/I4.U_MUX16/Mmux_O_4 (U0/U_ICON/U_TDO_MUX/U_CS_MUX/I4.U_MUX16/Mmux_O_4)
     MUXF5:I0->O           1   0.278   0.000  U0/U_ICON/U_TDO_MUX/U_CS_MUX/I4.U_MUX16/Mmux_O_2_f5 (U0/U_ICON/iTDO_next)
     FDE:D                     0.268          U0/U_ICON/U_TDO_reg
    ----------------------------------------
    Total                      6.457ns (5.096ns logic, 1.361ns route)
                                       (78.9% logic, 21.1% route)

=========================================================================
Timing constraint: TS_D2_TO_T2 = FROM TIMEGRP "D2_CLK" TO TIMEGRP "FFS" TIG;
  Clock period: 5.624ns (frequency: 177.798MHz)
  Total number of paths / destination ports: 3 / 3
  Number of failed paths / ports: 0 (0.00%) / 0 (0.00%)
-------------------------------------------------------------------------
Delay:                  5.624ns
  Source:               myILA/U0/I_YES_D.U_ILA/U_STAT/U_DIRTY_LDC (LATCH)
  Destination:          myILA/U0/I_YES_D.U_ILA/U_STAT/U_TDO (FF)
  Data Path Delay:      5.624ns (Levels of Logic = 6)
  Source Clock:         myIcon/CONTROL0<13> falling at 0.000ns
  Destination Clock:    myIcon/U0/U_ICON/I_YES_BSCAN.U_BS/DRCK1 rising at 0.000ns

  Data Path: myILA/U0/I_YES_D.U_ILA/U_STAT/U_DIRTY_LDC (LATCH) to myILA/U0/I_YES_D.U_ILA/U_STAT/U_TDO (FF)
                                Gate     Net
    Cell:in->out      fanout   Delay   Delay  Logical Name (Net Name)
    ----------------------------------------  ------------
     LDC:G->Q              1   0.588   0.509  U0/I_YES_D.U_ILA/U_STAT/U_DIRTY_LDC (U0/I_YES_D.U_ILA/U_STAT/DIRTY_SEL)
     LUT3:I0->O            3   0.612   0.481  U0/I_YES_D.U_ILA/U_STAT/DIRTY_dstat1 (U0/I_YES_D.U_ILA/U_STAT/DIRTY_dstat)
     LUT3:I2->O            1   0.612   0.000  U0/I_YES_D.U_ILA/U_STAT/U_DMUX/U_CS_MUX/I3.U_MUX8/Mmux_O_91_F (N42)
     MUXF5:I0->O           1   0.278   0.387  U0/I_YES_D.U_ILA/U_STAT/U_DMUX/U_CS_MUX/I3.U_MUX8/Mmux_O_91 (U0/I_YES_D.U_ILA/U_STAT/U_DMUX/U_CS_MUX/I3.U_MUX8/Mmux_O_91)
     LUT4:I2->O            1   0.612   0.000  U0/I_YES_D.U_ILA/U_STAT/U_DMUX/U_CS_MUX/I3.U_MUX8/Mmux_O_4 (U0/I_YES_D.U_ILA/U_STAT/U_DMUX/U_CS_MUX/I3.U_MUX8/Mmux_O_4)
     MUXF5:I0->O           1   0.278   0.387  U0/I_YES_D.U_ILA/U_STAT/U_DMUX/U_CS_MUX/I3.U_MUX8/Mmux_O_2_f5 (U0/I_YES_D.U_ILA/U_STAT/TDO_mux_in<0>1)
     LUT4:I2->O            1   0.612   0.000  U0/I_YES_D.U_ILA/U_STAT/U_MUX/U_CS_MUX/I1.U_MUX2/O87 (U0/I_YES_D.U_ILA/U_STAT/TDO_next)
     FDE:D                     0.268          U0/I_YES_D.U_ILA/U_STAT/U_TDO
    ----------------------------------------
    Total                      5.624ns (3.860ns logic, 1.764ns route)
                                       (68.6% logic, 31.4% route)

=========================================================================
Timing constraint: TS_J2_TO_D2 = FROM TIMEGRP "FFS" TO TIMEGRP "D2_CLK" TIG;
-------------------------------------------------------------------------
WARNING:Xst:1415 - No path found for this constraint.

=========================================================================
Timing constraint: TS_J3_TO_D2 = FROM TIMEGRP "FFS" TO TIMEGRP "D2_CLK" TIG;
-------------------------------------------------------------------------
WARNING:Xst:1415 - No path found for this constraint.

=========================================================================
Timing constraint: TS_J4_TO_D2 = FROM TIMEGRP "FFS" TO TIMEGRP "D2_CLK" TIG;
-------------------------------------------------------------------------
WARNING:Xst:1415 - No path found for this constraint.

=========================================================================


Total REAL time to Xst completion: 64.00 secs
Total CPU time to Xst completion: 63.02 secs
 
--> 


Total memory usage is 947112 kilobytes

Number of errors   :    0 (   0 filtered)
Number of warnings :   67 (   0 filtered)
Number of infos    :   39 (   0 filtered)

